2025-01-11 01:23:35,598 - INFO - Initializing DataProcessor for fine-tuning...
2025-01-11 01:23:47,703 - INFO - Data loaded and processed successfully.
2025-01-11 01:23:47,704 - INFO - Loading label encoder from /data/A-TrajectoryTransformer/models/transformer/mobis/label_encoder.joblib...
2025-01-11 01:23:47,706 - INFO - Label encoder loaded and assigned to DataProcessor.
2025-01-11 01:23:47,706 - INFO - Clearing old sequences and re-creating them using loaded encoder...
2025-01-11 01:23:54,789 - INFO - Sequences re-created successfully.
2025-01-11 01:23:54,790 - INFO - DataLoaders for train, val, and test are ready.
2025-01-11 01:23:54,791 - INFO - Initializing model for fine-tuning...
2025-01-11 01:23:58,361 - INFO - Loading pretrained model from: /data/A-TrajectoryTransformer/models/transformer/mobis/best_model.pth
2025-01-11 01:23:58,379 - INFO - Pretrained model loaded successfully.
2025-01-11 01:23:58,379 - INFO - Unfrozen all layers of the transformer encoder.
2025-01-11 01:23:58,380 - INFO - Optimizer re-initialized to only update unfrozen parameters.
2025-01-11 01:23:58,380 - INFO - Starting the fine-tuning process...
2025-01-11 01:24:00,945 - INFO - [Epoch 1/10] Train Loss: 3.8025, Train Acc: 0.3871, Val Loss: 1.5607, Val Acc: 0.5187
2025-01-11 01:24:00,978 - INFO -   -> Best fine-tuned model saved.
2025-01-11 01:24:03,800 - INFO - [Epoch 2/10] Train Loss: 1.1641, Train Acc: 0.5784, Val Loss: 1.2670, Val Acc: 0.6641
2025-01-11 01:24:03,839 - INFO -   -> Best fine-tuned model saved.
2025-01-11 01:24:06,568 - INFO - [Epoch 3/10] Train Loss: 0.6900, Train Acc: 0.7464, Val Loss: 0.8008, Val Acc: 0.7529
2025-01-11 01:24:06,600 - INFO -   -> Best fine-tuned model saved.
2025-01-11 01:24:10,014 - INFO - [Epoch 4/10] Train Loss: 0.4490, Train Acc: 0.8476, Val Loss: 0.6404, Val Acc: 0.7993
2025-01-11 01:24:10,041 - INFO -   -> Best fine-tuned model saved.
2025-01-11 01:24:13,683 - INFO - [Epoch 5/10] Train Loss: 0.3525, Train Acc: 0.8721, Val Loss: 0.6526, Val Acc: 0.8107
2025-01-11 01:24:13,733 - INFO -   -> Best fine-tuned model saved.
2025-01-11 01:24:17,338 - INFO - [Epoch 6/10] Train Loss: 0.3388, Train Acc: 0.8810, Val Loss: 0.6524, Val Acc: 0.8157
2025-01-11 01:24:17,375 - INFO -   -> Best fine-tuned model saved.
2025-01-11 01:24:21,220 - INFO - [Epoch 7/10] Train Loss: 0.3681, Train Acc: 0.8732, Val Loss: 0.5387, Val Acc: 0.8439
2025-01-11 01:24:21,250 - INFO -   -> Best fine-tuned model saved.
2025-01-11 01:24:24,710 - INFO - [Epoch 8/10] Train Loss: 0.2399, Train Acc: 0.9110, Val Loss: 0.4980, Val Acc: 0.8573
2025-01-11 01:24:24,781 - INFO -   -> Best fine-tuned model saved.
2025-01-11 01:24:28,354 - INFO - [Epoch 9/10] Train Loss: 0.2075, Train Acc: 0.9244, Val Loss: 0.5013, Val Acc: 0.8594
2025-01-11 01:24:28,413 - INFO -   -> Best fine-tuned model saved.
2025-01-11 01:24:31,868 - INFO - [Epoch 10/10] Train Loss: 0.2033, Train Acc: 0.9299, Val Loss: 0.5167, Val Acc: 0.8615
2025-01-11 01:24:31,898 - INFO -   -> Best fine-tuned model saved.
2025-01-11 01:24:31,898 - INFO - 
Loading best fine-tuned model from finetuned_model.pth for final evaluation...
2025-01-11 01:24:41,075 - INFO - Test Loss: 0.6200, Test Accuracy: 0.8372
2025-01-11 01:24:50,338 - INFO - Classification Report:
              precision    recall  f1-score   support

        bike       0.90      0.73      0.81      9168
         bus       0.86      0.88      0.87     13865
         car       0.68      0.72      0.70      8257
       train       0.73      0.78      0.75     10011
        walk       0.96      0.97      0.96     14462

    accuracy                           0.84     55763
   macro avg       0.83      0.82      0.82     55763
weighted avg       0.84      0.84      0.84     55763

2025-01-11 01:24:50,686 - INFO - Confusion matrix saved as 'confusion_matrix_finetune.png'.
2025-01-11 01:24:50,687 - INFO - Fine-tuning script completed successfully.
