2025-02-03 07:23:02,129 - INFO - Initializing DataHandler for fine-tuning...
2025-02-03 07:23:02,130 - INFO - Loading and processing the data...
2025-02-03 07:23:15,105 - INFO - Data loaded and processed successfully.
2025-02-03 07:23:15,105 - INFO - Loading scaler from /data/A-TrajectoryTransformer/models/lstm/mobis/scaler.joblib...
2025-02-03 07:23:15,108 - INFO - Scaler overwritten with saved scaler.
2025-02-03 07:23:15,108 - INFO - Loading label encoder from /data/A-TrajectoryTransformer/models/lstm/mobis/label_encoder.joblib...
2025-02-03 07:23:15,110 - INFO - Label encoder overwritten with saved encoder.
2025-02-03 07:23:15,110 - INFO - Re-building datasets using the loaded scaler/encoder...
2025-02-03 07:23:24,540 - INFO - Sequences re-created successfully.
2025-02-03 07:23:24,541 - INFO - DataLoaders for train, val, and test are ready.
2025-02-03 07:23:24,542 - INFO - Initializing LSTM model for fine-tuning...
2025-02-03 07:23:24,562 - INFO - Using device: cuda
2025-02-03 07:23:24,884 - INFO - Loading pretrained model from /data/A-TrajectoryTransformer/models/lstm/mobis/best_model.pth...
2025-02-03 07:23:24,892 - INFO - Pretrained model weights loaded successfully.
2025-02-03 07:23:27,575 - INFO - Optimizer re-initialized for fine-tuning.
2025-02-03 07:23:27,575 - INFO - Starting fine-tuning for up to 20 epochs...
2025-02-03 07:23:27,576 - INFO - Epoch 1/20
2025-02-03 07:23:28,895 - INFO - Train Loss: 1.2914, Train Acc: 66.76%
2025-02-03 07:23:29,787 - INFO - Val Loss: 1.4313, Val Acc: 62.71%
2025-02-03 07:23:29,879 - INFO - Best model saved with validation accuracy: 62.71%
2025-02-03 07:23:29,880 - INFO - Epoch 2/20
2025-02-03 07:23:30,849 - INFO - Train Loss: 1.2356, Train Acc: 68.14%
2025-02-03 07:23:31,698 - INFO - Val Loss: 1.3708, Val Acc: 63.69%
2025-02-03 07:23:31,813 - INFO - Best model saved with validation accuracy: 63.69%
2025-02-03 07:23:31,813 - INFO - Epoch 3/20
2025-02-03 07:23:32,628 - INFO - Train Loss: 1.2131, Train Acc: 68.56%
2025-02-03 07:23:33,531 - INFO - Val Loss: 1.3134, Val Acc: 64.58%
2025-02-03 07:23:33,601 - INFO - Best model saved with validation accuracy: 64.58%
2025-02-03 07:23:33,601 - INFO - Epoch 4/20
2025-02-03 07:23:34,561 - INFO - Train Loss: 1.1529, Train Acc: 68.42%
2025-02-03 07:23:35,258 - INFO - Val Loss: 1.2598, Val Acc: 65.48%
2025-02-03 07:23:35,329 - INFO - Best model saved with validation accuracy: 65.48%
2025-02-03 07:23:35,329 - INFO - Epoch 5/20
2025-02-03 07:23:36,203 - INFO - Train Loss: 1.1538, Train Acc: 69.81%
2025-02-03 07:23:37,118 - INFO - Val Loss: 1.2107, Val Acc: 66.32%
2025-02-03 07:23:37,201 - INFO - Best model saved with validation accuracy: 66.32%
2025-02-03 07:23:37,201 - INFO - Epoch 6/20
2025-02-03 07:23:38,189 - INFO - Train Loss: 1.0751, Train Acc: 70.22%
2025-02-03 07:23:38,990 - INFO - Val Loss: 1.1667, Val Acc: 67.08%
2025-02-03 07:23:39,053 - INFO - Best model saved with validation accuracy: 67.08%
2025-02-03 07:23:39,054 - INFO - Epoch 7/20
2025-02-03 07:23:40,123 - INFO - Train Loss: 1.0856, Train Acc: 70.22%
2025-02-03 07:23:40,978 - INFO - Val Loss: 1.1274, Val Acc: 67.56%
2025-02-03 07:23:41,063 - INFO - Best model saved with validation accuracy: 67.56%
2025-02-03 07:23:41,063 - INFO - Epoch 8/20
2025-02-03 07:23:42,030 - INFO - Train Loss: 1.0313, Train Acc: 69.39%
2025-02-03 07:23:42,936 - INFO - Val Loss: 1.0917, Val Acc: 68.15%
2025-02-03 07:23:43,027 - INFO - Best model saved with validation accuracy: 68.15%
2025-02-03 07:23:43,027 - INFO - Epoch 9/20
2025-02-03 07:23:44,064 - INFO - Train Loss: 0.9954, Train Acc: 70.64%
2025-02-03 07:23:44,814 - INFO - Val Loss: 1.0596, Val Acc: 68.79%
2025-02-03 07:23:44,897 - INFO - Best model saved with validation accuracy: 68.79%
2025-02-03 07:23:44,897 - INFO - Epoch 10/20
2025-02-03 07:23:45,880 - INFO - Train Loss: 0.9365, Train Acc: 71.19%
2025-02-03 07:23:46,782 - INFO - Val Loss: 1.0302, Val Acc: 69.10%
2025-02-03 07:23:46,847 - INFO - Best model saved with validation accuracy: 69.10%
2025-02-03 07:23:46,847 - INFO - Epoch 11/20
2025-02-03 07:23:47,638 - INFO - Train Loss: 0.9139, Train Acc: 71.88%
2025-02-03 07:23:48,407 - INFO - Val Loss: 1.0032, Val Acc: 69.65%
2025-02-03 07:23:48,469 - INFO - Best model saved with validation accuracy: 69.65%
2025-02-03 07:23:48,469 - INFO - Epoch 12/20
2025-02-03 07:23:49,458 - INFO - Train Loss: 0.8970, Train Acc: 72.58%
2025-02-03 07:23:50,347 - INFO - Val Loss: 0.9777, Val Acc: 70.06%
2025-02-03 07:23:50,424 - INFO - Best model saved with validation accuracy: 70.06%
2025-02-03 07:23:50,424 - INFO - Epoch 13/20
2025-02-03 07:23:51,261 - INFO - Train Loss: 0.8443, Train Acc: 72.99%
2025-02-03 07:23:52,244 - INFO - Val Loss: 0.9533, Val Acc: 70.51%
2025-02-03 07:23:52,307 - INFO - Best model saved with validation accuracy: 70.51%
2025-02-03 07:23:52,307 - INFO - Epoch 14/20
2025-02-03 07:23:53,350 - INFO - Train Loss: 0.8462, Train Acc: 72.30%
2025-02-03 07:23:54,269 - INFO - Val Loss: 0.9301, Val Acc: 70.88%
2025-02-03 07:23:54,344 - INFO - Best model saved with validation accuracy: 70.88%
2025-02-03 07:23:54,345 - INFO - Epoch 15/20
2025-02-03 07:23:55,315 - INFO - Train Loss: 0.8306, Train Acc: 73.41%
2025-02-03 07:23:56,175 - INFO - Val Loss: 0.9073, Val Acc: 71.35%
2025-02-03 07:23:56,246 - INFO - Best model saved with validation accuracy: 71.35%
2025-02-03 07:23:56,246 - INFO - Epoch 16/20
2025-02-03 07:23:57,023 - INFO - Train Loss: 0.8068, Train Acc: 74.93%
2025-02-03 07:23:57,931 - INFO - Val Loss: 0.8858, Val Acc: 71.75%
2025-02-03 07:23:57,998 - INFO - Best model saved with validation accuracy: 71.75%
2025-02-03 07:23:57,998 - INFO - Epoch 17/20
2025-02-03 07:23:58,961 - INFO - Train Loss: 0.7854, Train Acc: 73.68%
2025-02-03 07:23:59,668 - INFO - Val Loss: 0.8652, Val Acc: 72.12%
2025-02-03 07:23:59,730 - INFO - Best model saved with validation accuracy: 72.12%
2025-02-03 07:23:59,730 - INFO - Epoch 18/20
2025-02-03 07:24:00,722 - INFO - Train Loss: 0.7190, Train Acc: 74.79%
2025-02-03 07:24:01,646 - INFO - Val Loss: 0.8455, Val Acc: 72.66%
2025-02-03 07:24:01,715 - INFO - Best model saved with validation accuracy: 72.66%
2025-02-03 07:24:01,715 - INFO - Epoch 19/20
2025-02-03 07:24:02,682 - INFO - Train Loss: 0.7403, Train Acc: 74.10%
2025-02-03 07:24:03,608 - INFO - Val Loss: 0.8269, Val Acc: 73.00%
2025-02-03 07:24:03,679 - INFO - Best model saved with validation accuracy: 73.00%
2025-02-03 07:24:03,679 - INFO - Epoch 20/20
2025-02-03 07:24:04,796 - INFO - Train Loss: 0.7119, Train Acc: 75.90%
2025-02-03 07:24:05,650 - INFO - Val Loss: 0.8090, Val Acc: 73.26%
2025-02-03 07:24:05,819 - INFO - Best model saved with validation accuracy: 73.26%
2025-02-03 07:24:05,820 - INFO - Fine-tuning completed.
2025-02-03 07:24:05,821 - INFO - Evaluating the fine-tuned model on the test set...
2025-02-03 07:24:08,399 - INFO - Test Accuracy: 72.71%
2025-02-03 07:24:08,450 - INFO - Classification Report:
              precision    recall  f1-score   support

        bike       0.53      0.60      0.56      4501
         bus       0.86      0.81      0.83      6231
         car       0.55      0.70      0.61      3872
       train       0.69      0.75      0.72      4086
        walk       0.93      0.73      0.82      7928

    accuracy                           0.73     26618
   macro avg       0.71      0.72      0.71     26618
weighted avg       0.75      0.73      0.74     26618

2025-02-03 07:24:08,606 - INFO - Evaluation completed. Fine-tuning script finished successfully.
