2025-01-11 01:23:35,849 - INFO - Initializing DataHandler for fine-tuning...
2025-01-11 01:23:35,850 - INFO - Loading and processing the data...
2025-01-11 01:23:49,869 - INFO - Data loaded and processed successfully.
2025-01-11 01:23:49,870 - INFO - Loading scaler from /data/A-TrajectoryTransformer/models/lstm/mobis/scaler.joblib...
2025-01-11 01:23:49,872 - INFO - Scaler overwritten with saved scaler.
2025-01-11 01:23:49,872 - INFO - Loading label encoder from /data/A-TrajectoryTransformer/models/lstm/mobis/label_encoder.joblib...
2025-01-11 01:23:49,874 - INFO - Label encoder overwritten with saved encoder.
2025-01-11 01:23:49,874 - INFO - Re-building datasets using the loaded scaler/encoder...
2025-01-11 01:23:59,564 - INFO - Sequences re-created successfully.
2025-01-11 01:23:59,565 - INFO - DataLoaders for train, val, and test are ready.
2025-01-11 01:23:59,568 - INFO - Initializing LSTM model for fine-tuning...
2025-01-11 01:23:59,592 - INFO - Using device: cuda
2025-01-11 01:23:59,947 - INFO - Loading pretrained model from /data/A-TrajectoryTransformer/models/lstm/mobis/best_model.pth...
2025-01-11 01:23:59,959 - INFO - Pretrained model weights loaded successfully.
2025-01-11 01:24:02,159 - INFO - Optimizer re-initialized for fine-tuning.
2025-01-11 01:24:02,160 - INFO - Starting fine-tuning for up to 50 epochs...
2025-01-11 01:24:02,160 - INFO - Epoch 1/50
2025-01-11 01:24:03,000 - INFO - Train Loss: 1.3192, Train Acc: 67.66%
2025-01-11 01:24:03,832 - INFO - Val Loss: 1.3990, Val Acc: 63.89%
2025-01-11 01:24:03,923 - INFO - Best model saved with validation accuracy: 63.89%
2025-01-11 01:24:03,923 - INFO - Epoch 2/50
2025-01-11 01:24:04,458 - INFO - Train Loss: 1.2534, Train Acc: 68.16%
2025-01-11 01:24:05,211 - INFO - Val Loss: 1.3360, Val Acc: 64.74%
2025-01-11 01:24:06,559 - INFO - Best model saved with validation accuracy: 64.74%
2025-01-11 01:24:06,560 - INFO - Epoch 3/50
2025-01-11 01:24:07,035 - INFO - Train Loss: 1.2379, Train Acc: 68.91%
2025-01-11 01:24:07,775 - INFO - Val Loss: 1.2764, Val Acc: 65.72%
2025-01-11 01:24:07,843 - INFO - Best model saved with validation accuracy: 65.72%
2025-01-11 01:24:07,843 - INFO - Epoch 4/50
2025-01-11 01:24:08,347 - INFO - Train Loss: 1.1822, Train Acc: 69.90%
2025-01-11 01:24:09,240 - INFO - Val Loss: 1.2212, Val Acc: 66.34%
2025-01-11 01:24:09,341 - INFO - Best model saved with validation accuracy: 66.34%
2025-01-11 01:24:09,342 - INFO - Epoch 5/50
2025-01-11 01:24:09,844 - INFO - Train Loss: 1.1230, Train Acc: 69.90%
2025-01-11 01:24:10,685 - INFO - Val Loss: 1.1708, Val Acc: 67.08%
2025-01-11 01:24:10,757 - INFO - Best model saved with validation accuracy: 67.08%
2025-01-11 01:24:10,757 - INFO - Epoch 6/50
2025-01-11 01:24:11,251 - INFO - Train Loss: 1.1043, Train Acc: 69.65%
2025-01-11 01:24:12,193 - INFO - Val Loss: 1.1263, Val Acc: 67.80%
2025-01-11 01:24:12,268 - INFO - Best model saved with validation accuracy: 67.80%
2025-01-11 01:24:12,268 - INFO - Epoch 7/50
2025-01-11 01:24:12,792 - INFO - Train Loss: 1.0736, Train Acc: 70.65%
2025-01-11 01:24:13,700 - INFO - Val Loss: 1.0873, Val Acc: 68.28%
2025-01-11 01:24:13,770 - INFO - Best model saved with validation accuracy: 68.28%
2025-01-11 01:24:13,770 - INFO - Epoch 8/50
2025-01-11 01:24:14,398 - INFO - Train Loss: 0.9901, Train Acc: 70.15%
2025-01-11 01:24:15,222 - INFO - Val Loss: 1.0533, Val Acc: 68.75%
2025-01-11 01:24:15,306 - INFO - Best model saved with validation accuracy: 68.75%
2025-01-11 01:24:15,306 - INFO - Epoch 9/50
2025-01-11 01:24:15,810 - INFO - Train Loss: 0.9802, Train Acc: 70.40%
2025-01-11 01:24:16,760 - INFO - Val Loss: 1.0230, Val Acc: 69.22%
2025-01-11 01:24:16,851 - INFO - Best model saved with validation accuracy: 69.22%
2025-01-11 01:24:16,851 - INFO - Epoch 10/50
2025-01-11 01:24:17,350 - INFO - Train Loss: 0.9090, Train Acc: 71.39%
2025-01-11 01:24:18,261 - INFO - Val Loss: 0.9952, Val Acc: 69.75%
2025-01-11 01:24:18,323 - INFO - Best model saved with validation accuracy: 69.75%
2025-01-11 01:24:18,323 - INFO - Epoch 11/50
2025-01-11 01:24:18,833 - INFO - Train Loss: 0.9121, Train Acc: 69.15%
2025-01-11 01:24:19,752 - INFO - Val Loss: 0.9697, Val Acc: 69.98%
2025-01-11 01:24:19,809 - INFO - Best model saved with validation accuracy: 69.98%
2025-01-11 01:24:19,809 - INFO - Epoch 12/50
2025-01-11 01:24:20,307 - INFO - Train Loss: 0.8697, Train Acc: 71.64%
2025-01-11 01:24:21,213 - INFO - Val Loss: 0.9462, Val Acc: 69.90%
2025-01-11 01:24:21,213 - INFO - No improvement for 1 epoch(s).
2025-01-11 01:24:21,213 - INFO - Epoch 13/50
2025-01-11 01:24:21,699 - INFO - Train Loss: 0.9033, Train Acc: 70.40%
2025-01-11 01:24:22,465 - INFO - Val Loss: 0.9234, Val Acc: 70.01%
2025-01-11 01:24:22,558 - INFO - Best model saved with validation accuracy: 70.01%
2025-01-11 01:24:22,558 - INFO - Epoch 14/50
2025-01-11 01:24:23,062 - INFO - Train Loss: 0.8059, Train Acc: 71.64%
2025-01-11 01:24:23,991 - INFO - Val Loss: 0.9017, Val Acc: 70.41%
2025-01-11 01:24:24,063 - INFO - Best model saved with validation accuracy: 70.41%
2025-01-11 01:24:24,063 - INFO - Epoch 15/50
2025-01-11 01:24:24,570 - INFO - Train Loss: 0.8054, Train Acc: 73.88%
2025-01-11 01:24:25,293 - INFO - Val Loss: 0.8805, Val Acc: 70.86%
2025-01-11 01:24:25,402 - INFO - Best model saved with validation accuracy: 70.86%
2025-01-11 01:24:25,402 - INFO - Epoch 16/50
2025-01-11 01:24:25,820 - INFO - Train Loss: 0.7865, Train Acc: 73.63%
2025-01-11 01:24:26,751 - INFO - Val Loss: 0.8602, Val Acc: 71.38%
2025-01-11 01:24:26,808 - INFO - Best model saved with validation accuracy: 71.38%
2025-01-11 01:24:26,808 - INFO - Epoch 17/50
2025-01-11 01:24:27,298 - INFO - Train Loss: 0.7431, Train Acc: 73.88%
2025-01-11 01:24:28,207 - INFO - Val Loss: 0.8410, Val Acc: 71.85%
2025-01-11 01:24:28,266 - INFO - Best model saved with validation accuracy: 71.85%
2025-01-11 01:24:28,266 - INFO - Epoch 18/50
2025-01-11 01:24:28,594 - INFO - Train Loss: 0.7189, Train Acc: 73.88%
2025-01-11 01:24:29,356 - INFO - Val Loss: 0.8229, Val Acc: 72.21%
2025-01-11 01:24:29,422 - INFO - Best model saved with validation accuracy: 72.21%
2025-01-11 01:24:29,423 - INFO - Epoch 19/50
2025-01-11 01:24:29,918 - INFO - Train Loss: 0.6943, Train Acc: 74.13%
2025-01-11 01:24:30,829 - INFO - Val Loss: 0.8060, Val Acc: 72.67%
2025-01-11 01:24:30,902 - INFO - Best model saved with validation accuracy: 72.67%
2025-01-11 01:24:30,903 - INFO - Epoch 20/50
2025-01-11 01:24:31,405 - INFO - Train Loss: 0.6729, Train Acc: 75.37%
2025-01-11 01:24:32,071 - INFO - Val Loss: 0.7894, Val Acc: 73.06%
2025-01-11 01:24:32,139 - INFO - Best model saved with validation accuracy: 73.06%
2025-01-11 01:24:32,139 - INFO - Epoch 21/50
2025-01-11 01:24:32,636 - INFO - Train Loss: 0.6264, Train Acc: 77.86%
2025-01-11 01:24:33,558 - INFO - Val Loss: 0.7739, Val Acc: 73.38%
2025-01-11 01:24:33,642 - INFO - Best model saved with validation accuracy: 73.38%
2025-01-11 01:24:33,642 - INFO - Epoch 22/50
2025-01-11 01:24:34,160 - INFO - Train Loss: 0.6474, Train Acc: 76.87%
2025-01-11 01:24:35,061 - INFO - Val Loss: 0.7585, Val Acc: 73.75%
2025-01-11 01:24:35,166 - INFO - Best model saved with validation accuracy: 73.75%
2025-01-11 01:24:35,166 - INFO - Epoch 23/50
2025-01-11 01:24:35,649 - INFO - Train Loss: 0.6576, Train Acc: 76.62%
2025-01-11 01:24:36,562 - INFO - Val Loss: 0.7433, Val Acc: 74.18%
2025-01-11 01:24:36,630 - INFO - Best model saved with validation accuracy: 74.18%
2025-01-11 01:24:36,630 - INFO - Epoch 24/50
2025-01-11 01:24:37,141 - INFO - Train Loss: 0.5747, Train Acc: 78.86%
2025-01-11 01:24:38,036 - INFO - Val Loss: 0.7289, Val Acc: 74.45%
2025-01-11 01:24:38,097 - INFO - Best model saved with validation accuracy: 74.45%
2025-01-11 01:24:38,098 - INFO - Epoch 25/50
2025-01-11 01:24:38,597 - INFO - Train Loss: 0.5921, Train Acc: 79.60%
2025-01-11 01:24:39,532 - INFO - Val Loss: 0.7150, Val Acc: 74.75%
2025-01-11 01:24:39,598 - INFO - Best model saved with validation accuracy: 74.75%
2025-01-11 01:24:39,598 - INFO - Epoch 26/50
2025-01-11 01:24:40,107 - INFO - Train Loss: 0.5630, Train Acc: 79.35%
2025-01-11 01:24:41,031 - INFO - Val Loss: 0.7018, Val Acc: 75.09%
2025-01-11 01:24:41,096 - INFO - Best model saved with validation accuracy: 75.09%
2025-01-11 01:24:41,096 - INFO - Epoch 27/50
2025-01-11 01:24:41,656 - INFO - Train Loss: 0.5001, Train Acc: 80.60%
2025-01-11 01:24:42,608 - INFO - Val Loss: 0.6896, Val Acc: 75.21%
2025-01-11 01:24:42,694 - INFO - Best model saved with validation accuracy: 75.21%
2025-01-11 01:24:42,694 - INFO - Epoch 28/50
2025-01-11 01:24:43,203 - INFO - Train Loss: 0.5495, Train Acc: 79.10%
2025-01-11 01:24:44,110 - INFO - Val Loss: 0.6778, Val Acc: 75.43%
2025-01-11 01:24:44,166 - INFO - Best model saved with validation accuracy: 75.43%
2025-01-11 01:24:44,166 - INFO - Epoch 29/50
2025-01-11 01:24:44,666 - INFO - Train Loss: 0.5221, Train Acc: 80.85%
2025-01-11 01:24:45,607 - INFO - Val Loss: 0.6661, Val Acc: 75.63%
2025-01-11 01:24:45,673 - INFO - Best model saved with validation accuracy: 75.63%
2025-01-11 01:24:45,673 - INFO - Epoch 30/50
2025-01-11 01:24:46,188 - INFO - Train Loss: 0.4945, Train Acc: 81.09%
2025-01-11 01:24:47,092 - INFO - Val Loss: 0.6547, Val Acc: 75.83%
2025-01-11 01:24:47,158 - INFO - Best model saved with validation accuracy: 75.83%
2025-01-11 01:24:47,159 - INFO - Epoch 31/50
2025-01-11 01:24:47,668 - INFO - Train Loss: 0.5002, Train Acc: 81.59%
2025-01-11 01:24:48,606 - INFO - Val Loss: 0.6438, Val Acc: 75.97%
2025-01-11 01:24:48,683 - INFO - Best model saved with validation accuracy: 75.97%
2025-01-11 01:24:48,683 - INFO - Epoch 32/50
2025-01-11 01:24:49,185 - INFO - Train Loss: 0.4708, Train Acc: 81.84%
2025-01-11 01:24:50,152 - INFO - Val Loss: 0.6327, Val Acc: 76.25%
2025-01-11 01:24:50,222 - INFO - Best model saved with validation accuracy: 76.25%
2025-01-11 01:24:50,222 - INFO - Epoch 33/50
2025-01-11 01:24:50,561 - INFO - Train Loss: 0.4730, Train Acc: 81.84%
2025-01-11 01:24:51,112 - INFO - Val Loss: 0.6219, Val Acc: 76.62%
2025-01-11 01:24:51,188 - INFO - Best model saved with validation accuracy: 76.62%
2025-01-11 01:24:51,188 - INFO - Epoch 34/50
2025-01-11 01:24:51,522 - INFO - Train Loss: 0.4650, Train Acc: 81.59%
2025-01-11 01:24:52,034 - INFO - Val Loss: 0.6111, Val Acc: 76.93%
2025-01-11 01:24:52,101 - INFO - Best model saved with validation accuracy: 76.93%
2025-01-11 01:24:52,101 - INFO - Epoch 35/50
2025-01-11 01:24:52,401 - INFO - Train Loss: 0.4195, Train Acc: 82.09%
2025-01-11 01:24:52,919 - INFO - Val Loss: 0.6006, Val Acc: 77.18%
2025-01-11 01:24:52,999 - INFO - Best model saved with validation accuracy: 77.18%
2025-01-11 01:24:53,000 - INFO - Epoch 36/50
2025-01-11 01:24:53,321 - INFO - Train Loss: 0.4418, Train Acc: 83.33%
2025-01-11 01:24:53,836 - INFO - Val Loss: 0.5901, Val Acc: 77.54%
2025-01-11 01:24:53,920 - INFO - Best model saved with validation accuracy: 77.54%
2025-01-11 01:24:53,921 - INFO - Epoch 37/50
2025-01-11 01:24:54,232 - INFO - Train Loss: 0.4259, Train Acc: 82.34%
2025-01-11 01:24:54,758 - INFO - Val Loss: 0.5798, Val Acc: 77.73%
2025-01-11 01:24:54,838 - INFO - Best model saved with validation accuracy: 77.73%
2025-01-11 01:24:54,838 - INFO - Epoch 38/50
2025-01-11 01:24:55,191 - INFO - Train Loss: 0.4047, Train Acc: 82.84%
2025-01-11 01:24:55,761 - INFO - Val Loss: 0.5699, Val Acc: 77.99%
2025-01-11 01:24:55,829 - INFO - Best model saved with validation accuracy: 77.99%
2025-01-11 01:24:55,830 - INFO - Epoch 39/50
2025-01-11 01:24:56,132 - INFO - Train Loss: 0.3714, Train Acc: 84.33%
2025-01-11 01:24:56,644 - INFO - Val Loss: 0.5607, Val Acc: 78.30%
2025-01-11 01:24:56,703 - INFO - Best model saved with validation accuracy: 78.30%
2025-01-11 01:24:56,703 - INFO - Epoch 40/50
2025-01-11 01:24:57,024 - INFO - Train Loss: 0.3839, Train Acc: 83.33%
2025-01-11 01:24:57,543 - INFO - Val Loss: 0.5519, Val Acc: 78.59%
2025-01-11 01:24:57,611 - INFO - Best model saved with validation accuracy: 78.59%
2025-01-11 01:24:57,611 - INFO - Epoch 41/50
2025-01-11 01:24:57,917 - INFO - Train Loss: 0.3758, Train Acc: 84.08%
2025-01-11 01:24:58,432 - INFO - Val Loss: 0.5436, Val Acc: 78.78%
2025-01-11 01:24:58,506 - INFO - Best model saved with validation accuracy: 78.78%
2025-01-11 01:24:58,507 - INFO - Epoch 42/50
2025-01-11 01:24:58,818 - INFO - Train Loss: 0.3762, Train Acc: 83.58%
2025-01-11 01:24:59,324 - INFO - Val Loss: 0.5358, Val Acc: 79.14%
2025-01-11 01:24:59,386 - INFO - Best model saved with validation accuracy: 79.14%
2025-01-11 01:24:59,387 - INFO - Epoch 43/50
2025-01-11 01:24:59,700 - INFO - Train Loss: 0.3351, Train Acc: 84.58%
2025-01-11 01:25:00,226 - INFO - Val Loss: 0.5282, Val Acc: 79.46%
2025-01-11 01:25:00,311 - INFO - Best model saved with validation accuracy: 79.46%
2025-01-11 01:25:00,311 - INFO - Epoch 44/50
2025-01-11 01:25:00,624 - INFO - Train Loss: 0.3569, Train Acc: 85.07%
2025-01-11 01:25:01,141 - INFO - Val Loss: 0.5211, Val Acc: 79.74%
2025-01-11 01:25:01,202 - INFO - Best model saved with validation accuracy: 79.74%
2025-01-11 01:25:01,203 - INFO - Epoch 45/50
2025-01-11 01:25:01,524 - INFO - Train Loss: 0.3348, Train Acc: 85.57%
2025-01-11 01:25:02,037 - INFO - Val Loss: 0.5141, Val Acc: 80.02%
2025-01-11 01:25:02,105 - INFO - Best model saved with validation accuracy: 80.02%
2025-01-11 01:25:02,105 - INFO - Epoch 46/50
2025-01-11 01:25:02,423 - INFO - Train Loss: 0.3519, Train Acc: 85.57%
2025-01-11 01:25:02,934 - INFO - Val Loss: 0.5073, Val Acc: 80.54%
2025-01-11 01:25:03,017 - INFO - Best model saved with validation accuracy: 80.54%
2025-01-11 01:25:03,018 - INFO - Epoch 47/50
2025-01-11 01:25:03,338 - INFO - Train Loss: 0.3104, Train Acc: 86.57%
2025-01-11 01:25:03,853 - INFO - Val Loss: 0.5005, Val Acc: 80.83%
2025-01-11 01:25:03,918 - INFO - Best model saved with validation accuracy: 80.83%
2025-01-11 01:25:03,918 - INFO - Epoch 48/50
2025-01-11 01:25:04,233 - INFO - Train Loss: 0.3124, Train Acc: 86.57%
2025-01-11 01:25:04,730 - INFO - Val Loss: 0.4937, Val Acc: 81.25%
2025-01-11 01:25:04,798 - INFO - Best model saved with validation accuracy: 81.25%
2025-01-11 01:25:04,798 - INFO - Epoch 49/50
2025-01-11 01:25:05,112 - INFO - Train Loss: 0.2926, Train Acc: 87.56%
2025-01-11 01:25:05,672 - INFO - Val Loss: 0.4873, Val Acc: 81.66%
2025-01-11 01:25:05,737 - INFO - Best model saved with validation accuracy: 81.66%
2025-01-11 01:25:05,737 - INFO - Epoch 50/50
2025-01-11 01:25:06,070 - INFO - Train Loss: 0.2903, Train Acc: 87.06%
2025-01-11 01:25:06,561 - INFO - Val Loss: 0.4812, Val Acc: 82.08%
2025-01-11 01:25:06,644 - INFO - Best model saved with validation accuracy: 82.08%
2025-01-11 01:25:06,644 - INFO - Fine-tuning completed.
2025-01-11 01:25:06,646 - INFO - Evaluating the fine-tuned model on the test set...
2025-01-11 01:25:08,056 - INFO - Test Accuracy: 79.26%
2025-01-11 01:25:08,090 - INFO - Classification Report:
              precision    recall  f1-score   support

        bike       0.75      0.71      0.73      4539
         bus       0.90      0.84      0.87      6375
         car       0.59      0.62      0.61      3944
       train       0.66      0.79      0.72      4028
        walk       0.92      0.89      0.90      7884

    accuracy                           0.79     26770
   macro avg       0.77      0.77      0.77     26770
weighted avg       0.80      0.79      0.79     26770

2025-01-11 01:25:08,205 - INFO - Evaluation completed. Fine-tuning script finished successfully.
